app/build/intermediates/manifest_merge_blame_file/debug/manifest-merger-blame-debug-report.txt
1<?xml version="1.0" encoding="utf-8"?>
2<manifest xmlns:android="http://schemas.android.com/apk/res/android"
3    package="com.example.hack"
4    android:versionCode="1"
5    android:versionName="1.0" >
6
7    <uses-sdk
8        android:minSdkVersion="21"
8-->src\main\AndroidManifest.xml
9        android:targetSdkVersion="28" />
9-->src\main\AndroidManifest.xml
10
11    <uses-permission android:name="android.permission.INTERNET" /> <!-- Although the *SdkVersion is captured in gradle build files, this is required for non gradle builds -->
11-->[com.firebaseui:firebase-ui-database:4.3.2] AndroidManifest.xml:11:5-67
11-->[com.firebaseui:firebase-ui-database:4.3.2] AndroidManifest.xml:11:22-64
12    <!-- <uses-sdk android:minSdkVersion="14"/> -->
13    <uses-permission android:name="android.permission.ACCESS_NETWORK_STATE" />
13-->[com.google.firebase:firebase-database:19.5.0] AndroidManifest.xml:25:5-79
13-->[com.google.firebase:firebase-database:19.5.0] AndroidManifest.xml:25:22-76
14
15    <application
15-->src\main\AndroidManifest.xml:5:5-30:19
16        android:allowBackup="true"
16-->src\main\AndroidManifest.xml:6:9-35
17        android:appComponentFactory="androidx.core.app.CoreComponentFactory"
17-->[androidx.core:core:1.3.1] AndroidManifest.xml:24:18-86
18        android:debuggable="true"
19        android:icon="@mipmap/ic_launcher"
19-->src\main\AndroidManifest.xml:7:9-43
20        android:label="@string/app_name"
20-->src\main\AndroidManifest.xml:8:9-41
21        android:roundIcon="@mipmap/ic_launcher_round"
21-->src\main\AndroidManifest.xml:9:9-54
22        android:supportsRtl="true"
22-->src\main\AndroidManifest.xml:10:9-35
23        android:testOnly="true"
24        android:theme="@style/AppTheme" >
24-->src\main\AndroidManifest.xml:11:9-40
25        <activity android:name="com.example.hack.StudentComplaintList" />
25-->src\main\AndroidManifest.xml:12:9-67
25-->src\main\AndroidManifest.xml:12:19-55
26        <activity android:name="com.example.hack.WorkplaceComplaintList" />
26-->src\main\AndroidManifest.xml:13:9-60
26-->src\main\AndroidManifest.xml:13:19-57
27        <activity android:name="com.example.hack.Navigation" />
27-->src\main\AndroidManifest.xml:14:9-47
27-->src\main\AndroidManifest.xml:14:19-45
28        <activity android:name="com.example.hack.ComplaintList" />
28-->src\main\AndroidManifest.xml:15:9-51
28-->src\main\AndroidManifest.xml:15:19-48
29        <activity android:name="com.example.hack.StudentComplaint" />
29-->src\main\AndroidManifest.xml:16:9-54
29-->src\main\AndroidManifest.xml:16:19-51
30        <activity android:name="com.example.hack.WorkplaceComplaint" />
30-->src\main\AndroidManifest.xml:17:9-56
30-->src\main\AndroidManifest.xml:17:19-53
31        <activity android:name="com.example.hack.DomesticComplaint" />
31-->src\main\AndroidManifest.xml:18:9-55
31-->src\main\AndroidManifest.xml:18:19-52
32        <activity android:name="com.example.hack.HomePage" />
32-->src\main\AndroidManifest.xml:19:9-46
32-->src\main\AndroidManifest.xml:19:19-43
33        <activity android:name="com.example.hack.RegistrationPage" />
33-->src\main\AndroidManifest.xml:20:9-54
33-->src\main\AndroidManifest.xml:20:19-51
34        <activity android:name="com.example.hack.LoginPage" />
34-->src\main\AndroidManifest.xml:21:9-47
34-->src\main\AndroidManifest.xml:21:19-44
35        <activity android:name="com.example.hack.Intro" >
35-->src\main\AndroidManifest.xml:22:9-28:20
35-->src\main\AndroidManifest.xml:22:19-40
36            <intent-filter>
36-->src\main\AndroidManifest.xml:23:13-27:29
37                <action android:name="android.intent.action.MAIN" />
37-->src\main\AndroidManifest.xml:24:17-69
37-->src\main\AndroidManifest.xml:24:25-66
38
39                <category android:name="android.intent.category.LAUNCHER" />
39-->src\main\AndroidManifest.xml:26:17-77
39-->src\main\AndroidManifest.xml:26:27-74
40            </intent-filter>
41        </activity>
42        <activity android:name="com.example.hack.MainActivity" />
42-->src\main\AndroidManifest.xml:29:9-50
42-->src\main\AndroidManifest.xml:29:19-47
43        <activity
43-->[com.google.firebase:firebase-auth:19.4.0] AndroidManifest.xml:24:9-31:50
44            android:name="com.google.firebase.auth.internal.FederatedSignInActivity"
44-->[com.google.firebase:firebase-auth:19.4.0] AndroidManifest.xml:25:13-85
45            android:excludeFromRecents="true"
45-->[com.google.firebase:firebase-auth:19.4.0] AndroidManifest.xml:26:13-46
46            android:exported="true"
46-->[com.google.firebase:firebase-auth:19.4.0] AndroidManifest.xml:27:13-36
47            android:launchMode="singleTask"
47-->[com.google.firebase:firebase-auth:19.4.0] AndroidManifest.xml:28:13-44
48            android:permission="com.google.firebase.auth.api.gms.permission.LAUNCH_FEDERATED_SIGN_IN"
48-->[com.google.firebase:firebase-auth:19.4.0] AndroidManifest.xml:29:13-102
49            android:theme="@android:style/Theme.Translucent.NoTitleBar" />
49-->[com.google.firebase:firebase-auth:19.4.0] AndroidManifest.xml:30:13-72
50
51        <service
51-->[com.google.firebase:firebase-auth:19.4.0] AndroidManifest.xml:33:9-39:19
52            android:name="com.google.firebase.components.ComponentDiscoveryService"
52-->[com.google.firebase:firebase-auth:19.4.0] AndroidManifest.xml:34:13-84
53            android:directBootAware="true"
53-->[com.google.firebase:firebase-common:19.3.1] AndroidManifest.xml:35:13-43
54            android:exported="false" >
54-->[com.google.firebase:firebase-auth:19.4.0] AndroidManifest.xml:35:13-37
55            <meta-data
55-->[com.google.firebase:firebase-auth:19.4.0] AndroidManifest.xml:36:13-38:85
56                android:name="com.google.firebase.components:com.google.firebase.auth.FirebaseAuthRegistrar"
56-->[com.google.firebase:firebase-auth:19.4.0] AndroidManifest.xml:37:17-109
57                android:value="com.google.firebase.components.ComponentRegistrar" />
57-->[com.google.firebase:firebase-auth:19.4.0] AndroidManifest.xml:38:17-82
58            <meta-data
58-->[com.google.firebase:firebase-database:19.5.0] AndroidManifest.xml:32:13-34:85
59                android:name="com.google.firebase.components:com.google.firebase.database.DatabaseRegistrar"
59-->[com.google.firebase:firebase-database:19.5.0] AndroidManifest.xml:33:17-109
60                android:value="com.google.firebase.components.ComponentRegistrar" />
60-->[com.google.firebase:firebase-database:19.5.0] AndroidManifest.xml:34:17-82
61        </service>
62
63        <activity
63-->[com.google.android.gms:play-services-base:17.1.0] AndroidManifest.xml:23:9-26:75
64            android:name="com.google.android.gms.common.api.GoogleApiActivity"
64-->[com.google.android.gms:play-services-base:17.1.0] AndroidManifest.xml:24:13-79
65            android:exported="false"
65-->[com.google.android.gms:play-services-base:17.1.0] AndroidManifest.xml:25:13-37
66            android:theme="@android:style/Theme.Translucent.NoTitleBar" />
66-->[com.google.android.gms:play-services-base:17.1.0] AndroidManifest.xml:26:13-72
67
68        <provider
68-->[com.google.firebase:firebase-common:19.3.1] AndroidManifest.xml:26:9-31:39
69            android:name="com.google.firebase.provider.FirebaseInitProvider"
69-->[com.google.firebase:firebase-common:19.3.1] AndroidManifest.xml:27:13-77
70            android:authorities="com.example.hack.firebaseinitprovider"
70-->[com.google.firebase:firebase-common:19.3.1] AndroidManifest.xml:28:13-72
71            android:directBootAware="true"
71-->[com.google.firebase:firebase-common:19.3.1] AndroidManifest.xml:29:13-43
72            android:exported="false"
72-->[com.google.firebase:firebase-common:19.3.1] AndroidManifest.xml:30:13-37
73            android:initOrder="100" />
73-->[com.google.firebase:firebase-common:19.3.1] AndroidManifest.xml:31:13-36
74
75        <meta-data
75-->[com.google.android.gms:play-services-basement:17.0.0] AndroidManifest.xml:23:9-25:69
76            android:name="com.google.android.gms.version"
76-->[com.google.android.gms:play-services-basement:17.0.0] AndroidManifest.xml:24:13-58
77            android:value="@integer/google_play_services_version" />
77-->[com.google.android.gms:play-services-basement:17.0.0] AndroidManifest.xml:25:13-66
78    </application>
79
80</manifest>